<?xml version="1.0" encoding="UTF-8"?>
<testsuite xmlns:xsi="http://www.w3.org/2001/XMLSchema-instance" xsi:schemaLocation="https://maven.apache.org/surefire/maven-surefire-plugin/xsd/surefire-test-report.xsd" name="com.aow.flooringprogram.dao.FlooringProgramDaoTest" time="0.345" tests="14" errors="0" skipped="0" failures="0">
  <properties>
    <property name="java.runtime.name" value="OpenJDK Runtime Environment"/>
    <property name="java.vm.version" value="11.0.5+10"/>
    <property name="sun.boot.library.path" value="C:\Program Files\AdoptOpenJDK\jdk-11.0.5.10-hotspot\bin"/>
    <property name="maven.multiModuleProjectDirectory" value="C:\Users\AlexanderPC\Documents\NetBeansProjects\FlooringProgram"/>
    <property name="java.vm.vendor" value="AdoptOpenJDK"/>
    <property name="java.vendor.url" value="https://adoptopenjdk.net/"/>
    <property name="guice.disable.misplaced.annotation.check" value="true"/>
    <property name="path.separator" value=";"/>
    <property name="java.vm.name" value="OpenJDK 64-Bit Server VM"/>
    <property name="sun.os.patch.level" value=""/>
    <property name="user.script" value=""/>
    <property name="user.country" value="US"/>
    <property name="sun.java.launcher" value="SUN_STANDARD"/>
    <property name="test" value="com.aow.flooringprogram.dao.FlooringProgramDaoTest"/>
    <property name="java.vm.specification.name" value="Java Virtual Machine Specification"/>
    <property name="user.dir" value="C:\Users\AlexanderPC\Documents\NetBeansProjects\FlooringProgram"/>
    <property name="java.vm.compressedOopsMode" value="32-bit"/>
    <property name="java.runtime.version" value="11.0.5+10"/>
    <property name="java.awt.graphicsenv" value="sun.awt.Win32GraphicsEnvironment"/>
    <property name="os.arch" value="amd64"/>
    <property name="java.io.tmpdir" value="C:\Users\ALEXAN~1\AppData\Local\Temp\"/>
    <property name="line.separator" value="&#10;"/>
    <property name="java.vm.specification.vendor" value="Oracle Corporation"/>
    <property name="user.variant" value=""/>
    <property name="os.name" value="Windows 10"/>
    <property name="maven.ext.class.path" value="C:\netbeans\java\maven-nblib\netbeans-eventspy.jar"/>
    <property name="classworlds.conf" value="C:\netbeans\java\maven\bin\m2.conf"/>
    <property name="sun.jnu.encoding" value="Cp1252"/>
    <property name="java.library.path" value="C:\Program Files\AdoptOpenJDK\jdk-11.0.5.10-hotspot\bin;C:\WINDOWS\Sun\Java\bin;C:\WINDOWS\system32;C:\WINDOWS;C:\Program Files\AdoptOpenJDK\jdk-11.0.5.10-hotspot\bin;C:\ProgramData\DockerDesktop\version-bin;C:\Program Files\Docker\Docker\Resources\bin;C:\Python37\Scripts\;C:\Python37\;C:\Program Files (x86)\Common Files\Oracle\Java\javapath;C:\Program Files (x86)\NVIDIA Corporation\PhysX\Common;C:\ProgramData\Oracle\Java\javapath;C:\WINDOWS\system32;C:\WINDOWS;C:\WINDOWS\System32\Wbem;C:\WINDOWS\System32\WindowsPowerShell\v1.0\;C:\Program Files\MATLAB\R2017a\bin;&quot;C:\Program Files\Java\jdk1.8.0_144\bin;&quot;;C:\Program Files\Java\jdk1.8.0_144\bin;C:\ProgramData\chocolatey\bin;C:\Program Files\CMake\bin;C:\WINDOWS\System32\OpenSSH\;C:\Program Files\Git\cmd;C:\Program Files\doxygen\bin;C:\Program Files (x86)\Mercurial;C:\Program Files (x86)\Nordic Semiconductor\nrf5x\bin\;C:\HashiCorp\Vagrant\bin;C:\Program Files\AdoptOpenJDK\jdk-11.0.5.10-hotspot\bin;C:\Program Files\AdoptOpenJDK\jdk-11.0.5.10-hotspot\bin;C:\Program Files (x86)\GNU Tools ARM Embedded\6 2017-q2-update\bin;C:\7 2018-q2-update\bin;C:\Users\AlexanderPC\AppData\Local\Microsoft\WindowsApps;C:\Modeltech_pe_edu_10.4a\win32pe_edu;&quot;C:\Program Files\Java\jdk1.8.0_144\bin;&quot;;;."/>
    <property name="jdk.debug" value="release"/>
    <property name="java.class.version" value="55.0"/>
    <property name="java.specification.name" value="Java Platform API Specification"/>
    <property name="sun.management.compiler" value="HotSpot 64-Bit Tiered Compilers"/>
    <property name="os.version" value="10.0"/>
    <property name="user.home" value="C:\Users\AlexanderPC"/>
    <property name="user.timezone" value="America/New_York"/>
    <property name="java.awt.printerjob" value="sun.awt.windows.WPrinterJob"/>
    <property name="file.encoding" value="UTF-8"/>
    <property name="java.specification.version" value="11"/>
    <property name="user.name" value="AlexanderPC"/>
    <property name="java.class.path" value="C:\netbeans\java\maven\boot\plexus-classworlds-2.5.2.jar"/>
    <property name="java.vm.specification.version" value="11"/>
    <property name="sun.arch.data.model" value="64"/>
    <property name="sun.java.command" value="org.codehaus.plexus.classworlds.launcher.Launcher -Dtest=com.aow.flooringprogram.dao.FlooringProgramDaoTest -Dmaven.ext.class.path=C:\netbeans\java\maven-nblib\netbeans-eventspy.jar -Dfile.encoding=UTF-8 surefire:test"/>
    <property name="java.home" value="C:\Program Files\AdoptOpenJDK\jdk-11.0.5.10-hotspot"/>
    <property name="user.language" value="en"/>
    <property name="java.specification.vendor" value="Oracle Corporation"/>
    <property name="awt.toolkit" value="sun.awt.windows.WToolkit"/>
    <property name="java.vm.info" value="mixed mode"/>
    <property name="java.version" value="11.0.5"/>
    <property name="java.vendor" value="AdoptOpenJDK"/>
    <property name="maven.home" value="C:\netbeans\java\maven"/>
    <property name="file.separator" value="\"/>
    <property name="java.version.date" value="2019-10-15"/>
    <property name="java.vendor.url.bug" value="https://github.com/AdoptOpenJDK/openjdk-build/issues"/>
    <property name="sun.io.unicode.encoding" value="UnicodeLittle"/>
    <property name="sun.cpu.endian" value="little"/>
    <property name="java.vendor.version" value="AdoptOpenJDK"/>
    <property name="sun.desktop" value="windows"/>
    <property name="sun.cpu.isalist" value="amd64"/>
  </properties>
  <testcase name="testEditArea" classname="com.aow.flooringprogram.dao.FlooringProgramDaoTest" time="0.239"/>
  <testcase name="testEditDate" classname="com.aow.flooringprogram.dao.FlooringProgramDaoTest" time="0.027"/>
  <testcase name="testGetAvailableStates" classname="com.aow.flooringprogram.dao.FlooringProgramDaoTest" time="0.003"/>
  <testcase name="testEditState" classname="com.aow.flooringprogram.dao.FlooringProgramDaoTest" time="0.003"/>
  <testcase name="testGetAllTaxes" classname="com.aow.flooringprogram.dao.FlooringProgramDaoTest" time="0.002"/>
  <testcase name="testRemoveOrder" classname="com.aow.flooringprogram.dao.FlooringProgramDaoTest" time="0.003"/>
  <testcase name="testGetProductMap" classname="com.aow.flooringprogram.dao.FlooringProgramDaoTest" time="0.002"/>
  <testcase name="testEditCustomerName" classname="com.aow.flooringprogram.dao.FlooringProgramDaoTest" time="0.002"/>
  <testcase name="testEditProductType" classname="com.aow.flooringprogram.dao.FlooringProgramDaoTest" time="0.002"/>
  <testcase name="testAddGetOrder" classname="com.aow.flooringprogram.dao.FlooringProgramDaoTest" time="0.004"/>
  <testcase name="testGetAllOrders" classname="com.aow.flooringprogram.dao.FlooringProgramDaoTest" time="0.003"/>
  <testcase name="testGetTaxMap" classname="com.aow.flooringprogram.dao.FlooringProgramDaoTest" time="0.003"/>
  <testcase name="testGetAllProducts" classname="com.aow.flooringprogram.dao.FlooringProgramDaoTest" time="0.002"/>
  <testcase name="testGetOrdersByDate" classname="com.aow.flooringprogram.dao.FlooringProgramDaoTest" time="0.003"/>
</testsuite>